2025-07-19 12:28:28 INFO  Utils:112 - [Utils] MethodGroupsHelper.collectMethodsByGroup() took 2 ms.
2025-07-19 12:28:28 INFO  Utils:112 - [Utils] MethodGroupsHelper.sortMethods() took 1 ms.
2025-07-19 12:28:28 INFO  Utils:112 - [Utils] MethodGroupsHelper.collectMethodsByGroup() took 0 ms.
2025-07-19 12:28:28 INFO  Utils:112 - [Utils] MethodGroupsHelper.sortMethods() took 0 ms.
2025-07-19 12:28:28 INFO  Utils:112 - [Utils] MethodGroupsHelper.collectMethodsByGroup() took 0 ms.
2025-07-19 12:28:28 INFO  Utils:112 - [Utils] MethodGroupsHelper.sortMethods() took 0 ms.
2025-07-19 12:28:28 INFO  Utils:112 - [Utils] MethodGroupsHelper.collectMethodsByGroup() took 0 ms.
2025-07-19 12:28:28 INFO  Utils:112 - [Utils] MethodGroupsHelper.sortMethods() took 0 ms.
2025-07-19 12:28:28 INFO  Utils:112 - [Utils] MethodGroupsHelper.collectMethodsByGroup() took 4 ms.
2025-07-19 12:28:28 INFO  Utils:112 - [Utils] MethodGroupsHelper.sortMethods() took 12 ms.
2025-07-19 12:28:28 INFO  Utils:112 - [Utils] MethodGroupsHelper.collectMethodsByGroup() took 0 ms.
2025-07-19 12:28:28 INFO  Utils:112 - [Utils] MethodGroupsHelper.sortMethods() took 0 ms.
2025-07-19 12:28:28 INFO  Utils:112 - [Utils] MethodGroupsHelper.collectMethodsByGroup() took 0 ms.
2025-07-19 12:28:28 INFO  Utils:112 - [Utils] MethodGroupsHelper.sortMethods() took 0 ms.
2025-07-19 12:28:28 INFO  Utils:112 - [Utils] MethodGroupsHelper.collectMethodsByGroup() took 0 ms.
2025-07-19 12:28:28 INFO  Utils:112 - [Utils] MethodGroupsHelper.sortMethods() took 0 ms.
2025-07-19 12:28:28 INFO  Utils:112 - [Utils] MethodGroupsHelper.collectMethodsByGroup() took 0 ms.
2025-07-19 12:28:28 INFO  Utils:112 - [Utils] MethodGroupsHelper.sortMethods() took 0 ms.
2025-07-19 12:28:28 INFO  Utils:112 - [Utils] MethodGroupsHelper.collectMethodsByGroup() took 0 ms.
2025-07-19 12:28:28 INFO  Utils:112 - [Utils] MethodGroupsHelper.sortMethods() took 0 ms.
2025-07-19 12:28:28 INFO  Utils:112 - [Utils] MethodGroupsHelper.collectMethodsByGroup() took 0 ms.
2025-07-19 12:28:28 INFO  Utils:112 - [Utils] MethodGroupsHelper.sortMethods() took 0 ms.
2025-07-19 12:28:28 INFO  Utils:112 - [Utils] MethodGroupsHelper.collectMethodsByGroup() took 0 ms.
2025-07-19 12:28:28 INFO  Utils:112 - [Utils] MethodGroupsHelper.sortMethods() took 0 ms.
2025-07-19 12:28:28 INFO  Utils:112 - [Utils] MethodGroupsHelper.collectMethodsByGroup() took 0 ms.
2025-07-19 12:28:28 INFO  Utils:112 - [Utils] MethodGroupsHelper.sortMethods() took 0 ms.
2025-07-19 12:28:28 INFO  Utils:112 - [Utils] MethodGroupsHelper.collectMethodsByGroup() took 0 ms.
2025-07-19 12:28:28 INFO  Utils:112 - [Utils] MethodGroupsHelper.sortMethods() took 0 ms.
2025-07-19 12:28:28 INFO  Utils:112 - [Utils] MethodGroupsHelper.collectMethodsByGroup() took 0 ms.
2025-07-19 12:28:28 INFO  Utils:112 - [Utils] MethodGroupsHelper.sortMethods() took 0 ms.
2025-07-19 12:28:28 INFO  Utils:112 - [TestNG] Running:
  C:\Users\Administrator\AppData\Local\Temp\testng-eclipse--580670548\testng-customsuite.xml

2025-07-19 12:28:28 INFO  Utils:112 - [Utils] DynamicGraphHelper.createDynamicGraph() took 4 ms.
2025-07-19 12:28:29 INFO  TC_001LoginTest:40 - ....browser opened....
2025-07-19 12:28:32 INFO  TC_001LoginTest:46 - ....URL is opened...
2025-07-19 12:28:32 INFO  TC_001LoginTest:12 - Login page...
2025-07-19 12:28:32 INFO  TC_001LoginTest:14 - details entered.....
2025-07-19 12:28:36 INFO  TC_001LoginTest:17 - test case1 completed...
2025-07-19 12:28:42 INFO  TC_001LoginTest:20 - click on logout...
2025-07-19 12:28:42 INFO  TC_001LoginTest:55 - ...browser closed...
2025-07-19 12:28:42 INFO  Utils:112 - [TestNG] Time taken by org.testng.reporters.jq.Main@260f2144: 99 ms
2025-07-19 12:28:42 INFO  Utils:112 - [TestNG] Time taken by org.testng.reporters.FailedReporter@3be4f71: 2 ms
2025-07-19 12:28:42 INFO  Utils:112 - [TestNG] Time taken by org.testng.reporters.XMLReporter@185f7840: 16 ms
2025-07-19 12:28:42 INFO  Utils:112 - [TestNG] Time taken by org.testng.reporters.EmailableReporter2@5bdd5689: 12 ms
2025-07-19 12:28:42 INFO  Utils:112 - [TestNG] Time taken by org.testng.reporters.JUnitReportReporter@49a71302: 11 ms
2025-07-19 12:28:42 INFO  Utils:112 - [TestNG] Time taken by org.testng.internal.ExitCodeListener@5cd61783: 0 ms
2025-07-19 12:35:42 INFO  Utils:112 - [TestNG] Running:
  C:\Users\Administrator\Desktop\eclipse-workspace\pageObjectModel\crossBrowsertest.xml

2025-07-19 12:37:51 INFO  Utils:112 - [TestNG] Running:
  C:\Users\Administrator\Desktop\eclipse-workspace\pageObjectModel\crossBrowsertest.xml

2025-07-19 12:37:54 INFO  TC_001LoginTest:40 - ....browser opened....
2025-07-19 12:37:54 INFO  TC_001LoginTest:40 - ....browser opened....
2025-07-19 12:37:55 INFO  TC_001LoginTest:46 - ....URL is opened...
2025-07-19 12:37:55 INFO  TC_001LoginTest:12 - Login page...
2025-07-19 12:37:55 INFO  TC_001LoginTest:46 - ....URL is opened...
2025-07-19 12:37:55 INFO  TC_001LoginTest:12 - Login page...
2025-07-19 12:37:55 INFO  TC_001LoginTest:14 - details entered.....
2025-07-19 12:37:55 INFO  TC_001LoginTest:14 - details entered.....
2025-07-19 12:37:58 INFO  TC_001LoginTest:40 - ....browser opened....
2025-07-19 12:38:02 INFO  TC_001LoginTest:46 - ....URL is opened...
2025-07-19 12:38:02 INFO  TC_001LoginTest:12 - Login page...
2025-07-19 12:38:02 INFO  TC_001LoginTest:14 - details entered.....
2025-07-19 12:38:02 INFO  TC_001LoginTest:17 - test case1 completed...
2025-07-19 12:38:03 INFO  TC_001LoginTest:17 - test case1 completed...
2025-07-19 12:38:07 INFO  TC_001LoginTest:17 - test case1 completed...
2025-07-19 12:38:08 INFO  TC_001LoginTest:20 - click on logout...
2025-07-19 12:38:08 INFO  TC_001LoginTest:20 - click on logout...
2025-07-19 12:38:09 INFO  TC_001LoginTest:55 - ...browser closed...
2025-07-19 12:38:09 INFO  TC_001LoginTest:55 - ...browser closed...
2025-07-19 12:38:16 INFO  TC_001LoginTest:20 - click on logout...
2025-07-19 12:38:19 INFO  TC_001LoginTest:55 - ...browser closed...
2025-07-19 12:41:36 INFO  Utils:112 - [Utils] MethodGroupsHelper.collectMethodsByGroup() took 1 ms.
2025-07-19 12:41:36 INFO  Utils:112 - [Utils] MethodGroupsHelper.sortMethods() took 2 ms.
2025-07-19 12:41:36 INFO  Utils:112 - [Utils] MethodGroupsHelper.collectMethodsByGroup() took 0 ms.
2025-07-19 12:41:36 INFO  Utils:112 - [Utils] MethodGroupsHelper.sortMethods() took 0 ms.
2025-07-19 12:41:36 INFO  Utils:112 - [Utils] MethodGroupsHelper.collectMethodsByGroup() took 0 ms.
2025-07-19 12:41:36 INFO  Utils:112 - [Utils] MethodGroupsHelper.sortMethods() took 0 ms.
2025-07-19 12:41:36 INFO  Utils:112 - [Utils] MethodGroupsHelper.collectMethodsByGroup() took 0 ms.
2025-07-19 12:41:36 INFO  Utils:112 - [Utils] MethodGroupsHelper.sortMethods() took 0 ms.
2025-07-19 12:41:36 INFO  Utils:112 - [Utils] MethodGroupsHelper.collectMethodsByGroup() took 4 ms.
2025-07-19 12:41:36 INFO  Utils:112 - [Utils] MethodGroupsHelper.sortMethods() took 10 ms.
2025-07-19 12:41:36 INFO  Utils:112 - [Utils] MethodGroupsHelper.collectMethodsByGroup() took 0 ms.
2025-07-19 12:41:36 INFO  Utils:112 - [Utils] MethodGroupsHelper.sortMethods() took 1 ms.
2025-07-19 12:41:36 INFO  Utils:112 - [Utils] MethodGroupsHelper.collectMethodsByGroup() took 0 ms.
2025-07-19 12:41:36 INFO  Utils:112 - [Utils] MethodGroupsHelper.sortMethods() took 0 ms.
2025-07-19 12:41:36 INFO  Utils:112 - [Utils] MethodGroupsHelper.collectMethodsByGroup() took 0 ms.
2025-07-19 12:41:36 INFO  Utils:112 - [Utils] MethodGroupsHelper.sortMethods() took 0 ms.
2025-07-19 12:41:36 INFO  Utils:112 - [Utils] MethodGroupsHelper.collectMethodsByGroup() took 0 ms.
2025-07-19 12:41:36 INFO  Utils:112 - [Utils] MethodGroupsHelper.sortMethods() took 0 ms.
2025-07-19 12:41:36 INFO  Utils:112 - [Utils] MethodGroupsHelper.collectMethodsByGroup() took 0 ms.
2025-07-19 12:41:36 INFO  Utils:112 - [Utils] MethodGroupsHelper.sortMethods() took 0 ms.
2025-07-19 12:41:36 INFO  Utils:112 - [Utils] MethodGroupsHelper.collectMethodsByGroup() took 0 ms.
2025-07-19 12:41:36 INFO  Utils:112 - [Utils] MethodGroupsHelper.sortMethods() took 0 ms.
2025-07-19 12:41:36 INFO  Utils:112 - [Utils] MethodGroupsHelper.collectMethodsByGroup() took 0 ms.
2025-07-19 12:41:36 INFO  Utils:112 - [Utils] MethodGroupsHelper.sortMethods() took 0 ms.
2025-07-19 12:41:36 INFO  Utils:112 - [Utils] MethodGroupsHelper.collectMethodsByGroup() took 0 ms.
2025-07-19 12:41:36 INFO  Utils:112 - [Utils] MethodGroupsHelper.sortMethods() took 0 ms.
2025-07-19 12:41:36 INFO  Utils:112 - [Utils] MethodGroupsHelper.collectMethodsByGroup() took 0 ms.
2025-07-19 12:41:36 INFO  Utils:112 - [Utils] MethodGroupsHelper.sortMethods() took 0 ms.
2025-07-19 12:41:36 INFO  Utils:112 - [Utils] MethodGroupsHelper.collectMethodsByGroup() took 0 ms.
2025-07-19 12:41:36 INFO  Utils:112 - [Utils] MethodGroupsHelper.sortMethods() took 0 ms.
2025-07-19 12:41:36 INFO  Utils:112 - [TestNG] Running:
  C:\Users\Administrator\AppData\Local\Temp\testng-eclipse--973008278\testng-customsuite.xml

2025-07-19 12:41:36 INFO  Utils:112 - [Utils] DynamicGraphHelper.createDynamicGraph() took 4 ms.
2025-07-19 12:41:38 INFO  TC_001LoginTest:40 - ....browser opened....
2025-07-19 12:41:41 INFO  TC_001LoginTest:46 - ....URL is opened...
2025-07-19 12:41:41 INFO  TC_001LoginTest:12 - Login page...
2025-07-19 12:41:41 INFO  TC_001LoginTest:14 - details entered.....
2025-07-19 12:41:45 INFO  TC_001LoginTest:17 - test case1 completed...
2025-07-19 12:41:51 INFO  TC_001LoginTest:20 - click on logout...
2025-07-19 12:41:51 INFO  TC_001LoginTest:55 - ...browser closed...
2025-07-19 12:41:51 INFO  Utils:112 - [TestNG] Time taken by org.testng.reporters.jq.Main@260f2144: 96 ms
2025-07-19 12:41:51 INFO  Utils:112 - [TestNG] Time taken by org.testng.reporters.FailedReporter@3be4f71: 2 ms
2025-07-19 12:41:51 INFO  Utils:112 - [TestNG] Time taken by org.testng.reporters.XMLReporter@185f7840: 10 ms
2025-07-19 12:41:51 INFO  Utils:112 - [TestNG] Time taken by org.testng.reporters.EmailableReporter2@5bdd5689: 7 ms
2025-07-19 12:41:51 INFO  Utils:112 - [TestNG] Time taken by org.testng.reporters.JUnitReportReporter@49a71302: 5 ms
2025-07-19 12:41:51 INFO  Utils:112 - [TestNG] Time taken by org.testng.internal.ExitCodeListener@5cd61783: 0 ms
2025-07-19 12:59:41 INFO  Utils:112 - [Utils] MethodGroupsHelper.collectMethodsByGroup() took 0 ms.
2025-07-19 12:59:41 INFO  Utils:112 - [Utils] MethodGroupsHelper.sortMethods() took 0 ms.
2025-07-19 12:59:41 INFO  Utils:112 - [Utils] MethodGroupsHelper.collectMethodsByGroup() took 0 ms.
2025-07-19 12:59:41 INFO  Utils:112 - [Utils] MethodGroupsHelper.sortMethods() took 0 ms.
2025-07-19 12:59:41 INFO  Utils:112 - [Utils] MethodGroupsHelper.collectMethodsByGroup() took 0 ms.
2025-07-19 12:59:41 INFO  Utils:112 - [Utils] MethodGroupsHelper.sortMethods() took 0 ms.
2025-07-19 12:59:41 INFO  Utils:112 - [Utils] MethodGroupsHelper.collectMethodsByGroup() took 0 ms.
2025-07-19 12:59:41 INFO  Utils:112 - [Utils] MethodGroupsHelper.sortMethods() took 0 ms.
2025-07-19 12:59:41 INFO  Utils:112 - [Utils] MethodGroupsHelper.collectMethodsByGroup() took 4 ms.
2025-07-19 12:59:41 INFO  Utils:112 - [Utils] MethodGroupsHelper.sortMethods() took 13 ms.
2025-07-19 12:59:41 INFO  Utils:112 - [Utils] MethodGroupsHelper.collectMethodsByGroup() took 0 ms.
2025-07-19 12:59:41 INFO  Utils:112 - [Utils] MethodGroupsHelper.sortMethods() took 2 ms.
2025-07-19 12:59:41 INFO  Utils:112 - [Utils] MethodGroupsHelper.collectMethodsByGroup() took 0 ms.
2025-07-19 12:59:41 INFO  Utils:112 - [Utils] MethodGroupsHelper.sortMethods() took 0 ms.
2025-07-19 12:59:41 INFO  Utils:112 - [Utils] MethodGroupsHelper.collectMethodsByGroup() took 0 ms.
2025-07-19 12:59:41 INFO  Utils:112 - [Utils] MethodGroupsHelper.sortMethods() took 0 ms.
2025-07-19 12:59:41 INFO  Utils:112 - [Utils] MethodGroupsHelper.collectMethodsByGroup() took 0 ms.
2025-07-19 12:59:41 INFO  Utils:112 - [Utils] MethodGroupsHelper.sortMethods() took 0 ms.
2025-07-19 12:59:41 INFO  Utils:112 - [Utils] MethodGroupsHelper.collectMethodsByGroup() took 0 ms.
2025-07-19 12:59:41 INFO  Utils:112 - [Utils] MethodGroupsHelper.sortMethods() took 0 ms.
2025-07-19 12:59:41 INFO  Utils:112 - [Utils] MethodGroupsHelper.collectMethodsByGroup() took 0 ms.
2025-07-19 12:59:41 INFO  Utils:112 - [Utils] MethodGroupsHelper.sortMethods() took 0 ms.
2025-07-19 12:59:41 INFO  Utils:112 - [Utils] MethodGroupsHelper.collectMethodsByGroup() took 0 ms.
2025-07-19 12:59:41 INFO  Utils:112 - [Utils] MethodGroupsHelper.sortMethods() took 0 ms.
2025-07-19 12:59:41 INFO  Utils:112 - [Utils] MethodGroupsHelper.collectMethodsByGroup() took 0 ms.
2025-07-19 12:59:41 INFO  Utils:112 - [Utils] MethodGroupsHelper.sortMethods() took 0 ms.
2025-07-19 12:59:41 INFO  Utils:112 - [Utils] MethodGroupsHelper.collectMethodsByGroup() took 0 ms.
2025-07-19 12:59:41 INFO  Utils:112 - [Utils] MethodGroupsHelper.sortMethods() took 0 ms.
2025-07-19 12:59:41 INFO  Utils:112 - [Utils] MethodGroupsHelper.collectMethodsByGroup() took 0 ms.
2025-07-19 12:59:41 INFO  Utils:112 - [Utils] MethodGroupsHelper.sortMethods() took 0 ms.
2025-07-19 12:59:41 INFO  Utils:112 - [TestNG] Running:
  C:\Users\Administrator\AppData\Local\Temp\testng-eclipse--1382221288\testng-customsuite.xml

2025-07-19 12:59:41 INFO  Utils:112 - [Utils] DynamicGraphHelper.createDynamicGraph() took 4 ms.
2025-07-19 12:59:41 INFO  Utils:112 - [TestNG] Time taken by org.testng.reporters.jq.Main@546ccad7: 85 ms
2025-07-19 12:59:41 INFO  Utils:112 - [TestNG] Time taken by org.testng.reporters.FailedReporter@29e6eb25: 18 ms
2025-07-19 12:59:41 INFO  Utils:112 - [TestNG] Time taken by org.testng.reporters.XMLReporter@2611b9a3: 15 ms
2025-07-19 12:59:41 INFO  Utils:112 - [TestNG] Time taken by org.testng.reporters.EmailableReporter2@36676c1a: 26 ms
2025-07-19 12:59:41 INFO  Utils:112 - [TestNG] Time taken by org.testng.reporters.JUnitReportReporter@293d0107: 12 ms
2025-07-19 12:59:41 INFO  Utils:112 - [TestNG] Time taken by org.testng.internal.ExitCodeListener@2692b61e: 0 ms
2025-07-19 13:00:46 INFO  Utils:112 - [Utils] MethodGroupsHelper.collectMethodsByGroup() took 2 ms.
2025-07-19 13:00:46 INFO  Utils:112 - [Utils] MethodGroupsHelper.sortMethods() took 2 ms.
2025-07-19 13:00:46 INFO  Utils:112 - [Utils] MethodGroupsHelper.collectMethodsByGroup() took 0 ms.
2025-07-19 13:00:46 INFO  Utils:112 - [Utils] MethodGroupsHelper.sortMethods() took 0 ms.
2025-07-19 13:00:46 INFO  Utils:112 - [Utils] MethodGroupsHelper.collectMethodsByGroup() took 0 ms.
2025-07-19 13:00:46 INFO  Utils:112 - [Utils] MethodGroupsHelper.sortMethods() took 0 ms.
2025-07-19 13:00:46 INFO  Utils:112 - [Utils] MethodGroupsHelper.collectMethodsByGroup() took 0 ms.
2025-07-19 13:00:46 INFO  Utils:112 - [Utils] MethodGroupsHelper.sortMethods() took 0 ms.
2025-07-19 13:00:46 INFO  Utils:112 - [Utils] MethodGroupsHelper.collectMethodsByGroup() took 5 ms.
2025-07-19 13:00:46 INFO  Utils:112 - [Utils] MethodGroupsHelper.sortMethods() took 10 ms.
2025-07-19 13:00:46 INFO  Utils:112 - [Utils] MethodGroupsHelper.collectMethodsByGroup() took 0 ms.
2025-07-19 13:00:46 INFO  Utils:112 - [Utils] MethodGroupsHelper.sortMethods() took 0 ms.
2025-07-19 13:00:46 INFO  Utils:112 - [Utils] MethodGroupsHelper.collectMethodsByGroup() took 0 ms.
2025-07-19 13:00:46 INFO  Utils:112 - [Utils] MethodGroupsHelper.sortMethods() took 0 ms.
2025-07-19 13:00:46 INFO  Utils:112 - [Utils] MethodGroupsHelper.collectMethodsByGroup() took 0 ms.
2025-07-19 13:00:46 INFO  Utils:112 - [Utils] MethodGroupsHelper.sortMethods() took 0 ms.
2025-07-19 13:00:46 INFO  Utils:112 - [Utils] MethodGroupsHelper.collectMethodsByGroup() took 0 ms.
2025-07-19 13:00:46 INFO  Utils:112 - [Utils] MethodGroupsHelper.sortMethods() took 0 ms.
2025-07-19 13:00:46 INFO  Utils:112 - [Utils] MethodGroupsHelper.collectMethodsByGroup() took 0 ms.
2025-07-19 13:00:46 INFO  Utils:112 - [Utils] MethodGroupsHelper.sortMethods() took 0 ms.
2025-07-19 13:00:46 INFO  Utils:112 - [Utils] MethodGroupsHelper.collectMethodsByGroup() took 0 ms.
2025-07-19 13:00:46 INFO  Utils:112 - [Utils] MethodGroupsHelper.sortMethods() took 0 ms.
2025-07-19 13:00:46 INFO  Utils:112 - [Utils] MethodGroupsHelper.collectMethodsByGroup() took 0 ms.
2025-07-19 13:00:46 INFO  Utils:112 - [Utils] MethodGroupsHelper.sortMethods() took 0 ms.
2025-07-19 13:00:46 INFO  Utils:112 - [Utils] MethodGroupsHelper.collectMethodsByGroup() took 0 ms.
2025-07-19 13:00:46 INFO  Utils:112 - [Utils] MethodGroupsHelper.sortMethods() took 0 ms.
2025-07-19 13:00:46 INFO  Utils:112 - [Utils] MethodGroupsHelper.collectMethodsByGroup() took 0 ms.
2025-07-19 13:00:46 INFO  Utils:112 - [Utils] MethodGroupsHelper.sortMethods() took 0 ms.
2025-07-19 13:00:46 INFO  Utils:112 - [Utils] MethodGroupsHelper.collectMethodsByGroup() took 0 ms.
2025-07-19 13:00:46 INFO  Utils:112 - [Utils] MethodGroupsHelper.sortMethods() took 0 ms.
2025-07-19 13:00:46 INFO  Utils:112 - [TestNG] Running:
  C:\Users\Administrator\AppData\Local\Temp\testng-eclipse--1819772733\testng-customsuite.xml

2025-07-19 13:00:46 INFO  Utils:112 - [Utils] DynamicGraphHelper.createDynamicGraph() took 4 ms.
2025-07-19 13:00:48 INFO  TC_001LoginTest:50 - ....browser opened....
2025-07-19 13:00:50 INFO  TC_001LoginTest:57 - ....URL is opened...
2025-07-19 13:00:50 INFO  TC_001LoginTest:12 - Login page...
2025-07-19 13:00:50 INFO  TC_001LoginTest:14 - details entered.....
2025-07-19 13:00:54 INFO  TC_001LoginTest:17 - test case1 completed...
2025-07-19 13:01:05 INFO  TC_001LoginTest:20 - click on logout...
2025-07-19 13:01:06 INFO  TC_001LoginTest:66 - ...browser closed...
2025-07-19 13:01:06 INFO  Utils:112 - [TestNG] Time taken by org.testng.reporters.jq.Main@260f2144: 87 ms
2025-07-19 13:01:06 INFO  Utils:112 - [TestNG] Time taken by org.testng.reporters.FailedReporter@3be4f71: 2 ms
2025-07-19 13:01:06 INFO  Utils:112 - [TestNG] Time taken by org.testng.reporters.XMLReporter@185f7840: 4 ms
2025-07-19 13:01:06 INFO  Utils:112 - [TestNG] Time taken by org.testng.reporters.EmailableReporter2@5bdd5689: 9 ms
2025-07-19 13:01:06 INFO  Utils:112 - [TestNG] Time taken by org.testng.reporters.JUnitReportReporter@49a71302: 0 ms
2025-07-19 13:01:06 INFO  Utils:112 - [TestNG] Time taken by org.testng.internal.ExitCodeListener@5cd61783: 0 ms
2025-07-19 13:02:20 INFO  Utils:112 - [Utils] MethodGroupsHelper.collectMethodsByGroup() took 2 ms.
2025-07-19 13:02:20 INFO  Utils:112 - [Utils] MethodGroupsHelper.sortMethods() took 1 ms.
2025-07-19 13:02:20 INFO  Utils:112 - [Utils] MethodGroupsHelper.collectMethodsByGroup() took 0 ms.
2025-07-19 13:02:20 INFO  Utils:112 - [Utils] MethodGroupsHelper.sortMethods() took 0 ms.
2025-07-19 13:02:20 INFO  Utils:112 - [Utils] MethodGroupsHelper.collectMethodsByGroup() took 0 ms.
2025-07-19 13:02:20 INFO  Utils:112 - [Utils] MethodGroupsHelper.sortMethods() took 0 ms.
2025-07-19 13:02:20 INFO  Utils:112 - [Utils] MethodGroupsHelper.collectMethodsByGroup() took 0 ms.
2025-07-19 13:02:20 INFO  Utils:112 - [Utils] MethodGroupsHelper.sortMethods() took 0 ms.
2025-07-19 13:02:20 INFO  Utils:112 - [Utils] MethodGroupsHelper.collectMethodsByGroup() took 5 ms.
2025-07-19 13:02:20 INFO  Utils:112 - [Utils] MethodGroupsHelper.sortMethods() took 13 ms.
2025-07-19 13:02:20 INFO  Utils:112 - [Utils] MethodGroupsHelper.collectMethodsByGroup() took 0 ms.
2025-07-19 13:02:20 INFO  Utils:112 - [Utils] MethodGroupsHelper.sortMethods() took 0 ms.
2025-07-19 13:02:20 INFO  Utils:112 - [Utils] MethodGroupsHelper.collectMethodsByGroup() took 0 ms.
2025-07-19 13:02:20 INFO  Utils:112 - [Utils] MethodGroupsHelper.sortMethods() took 0 ms.
2025-07-19 13:02:20 INFO  Utils:112 - [Utils] MethodGroupsHelper.collectMethodsByGroup() took 0 ms.
2025-07-19 13:02:20 INFO  Utils:112 - [Utils] MethodGroupsHelper.sortMethods() took 0 ms.
2025-07-19 13:02:20 INFO  Utils:112 - [Utils] MethodGroupsHelper.collectMethodsByGroup() took 0 ms.
2025-07-19 13:02:20 INFO  Utils:112 - [Utils] MethodGroupsHelper.sortMethods() took 0 ms.
2025-07-19 13:02:20 INFO  Utils:112 - [Utils] MethodGroupsHelper.collectMethodsByGroup() took 0 ms.
2025-07-19 13:02:20 INFO  Utils:112 - [Utils] MethodGroupsHelper.sortMethods() took 0 ms.
2025-07-19 13:02:20 INFO  Utils:112 - [Utils] MethodGroupsHelper.collectMethodsByGroup() took 0 ms.
2025-07-19 13:02:20 INFO  Utils:112 - [Utils] MethodGroupsHelper.sortMethods() took 0 ms.
2025-07-19 13:02:20 INFO  Utils:112 - [Utils] MethodGroupsHelper.collectMethodsByGroup() took 0 ms.
2025-07-19 13:02:20 INFO  Utils:112 - [Utils] MethodGroupsHelper.sortMethods() took 0 ms.
2025-07-19 13:02:20 INFO  Utils:112 - [Utils] MethodGroupsHelper.collectMethodsByGroup() took 0 ms.
2025-07-19 13:02:20 INFO  Utils:112 - [Utils] MethodGroupsHelper.sortMethods() took 1 ms.
2025-07-19 13:02:20 INFO  Utils:112 - [Utils] MethodGroupsHelper.collectMethodsByGroup() took 0 ms.
2025-07-19 13:02:20 INFO  Utils:112 - [Utils] MethodGroupsHelper.sortMethods() took 0 ms.
2025-07-19 13:02:20 INFO  Utils:112 - [Utils] MethodGroupsHelper.collectMethodsByGroup() took 0 ms.
2025-07-19 13:02:20 INFO  Utils:112 - [Utils] MethodGroupsHelper.sortMethods() took 0 ms.
2025-07-19 13:02:20 INFO  Utils:112 - [TestNG] Running:
  C:\Users\Administrator\AppData\Local\Temp\testng-eclipse-1722331267\testng-customsuite.xml

2025-07-19 13:02:20 INFO  Utils:112 - [Utils] DynamicGraphHelper.createDynamicGraph() took 7 ms.
2025-07-19 13:02:22 INFO  TC_001LoginTest:50 - ....browser opened....
2025-07-19 13:02:25 INFO  TC_001LoginTest:57 - ....URL is opened...
2025-07-19 13:02:25 INFO  TC_001LoginTest:12 - Login page...
2025-07-19 13:02:25 INFO  TC_001LoginTest:14 - details entered.....
2025-07-19 13:02:28 INFO  TC_001LoginTest:17 - test case1 completed...
2025-07-19 13:02:36 INFO  TC_001LoginTest:20 - click on logout...
2025-07-19 13:02:37 INFO  TC_001LoginTest:66 - ...browser closed...
2025-07-19 13:02:37 INFO  Utils:112 - [TestNG] Time taken by org.testng.reporters.jq.Main@260f2144: 112 ms
2025-07-19 13:02:37 INFO  Utils:112 - [TestNG] Time taken by org.testng.reporters.FailedReporter@3be4f71: 0 ms
2025-07-19 13:02:37 INFO  Utils:112 - [TestNG] Time taken by org.testng.reporters.XMLReporter@185f7840: 0 ms
2025-07-19 13:02:37 INFO  Utils:112 - [TestNG] Time taken by org.testng.reporters.EmailableReporter2@5bdd5689: 17 ms
2025-07-19 13:02:37 INFO  Utils:112 - [TestNG] Time taken by org.testng.reporters.JUnitReportReporter@2e140e59: 7 ms
2025-07-19 13:02:37 INFO  Utils:112 - [TestNG] Time taken by org.testng.internal.ExitCodeListener@49a71302: 0 ms
2025-07-19 13:55:27 INFO  TC_001LoginTest:49 - ....browser opened....
2025-07-19 13:55:30 INFO  TC_001LoginTest:56 - ....URL is opened...
2025-07-19 13:55:30 INFO  TC_001LoginTest:12 - Login page...
2025-07-19 13:55:30 INFO  TC_001LoginTest:14 - details entered.....
2025-07-19 13:55:33 INFO  TC_001LoginTest:17 - test case1 completed...
2025-07-19 13:55:39 INFO  TC_001LoginTest:20 - click on logout...
2025-07-19 13:55:39 INFO  TC_001LoginTest:65 - ...browser closed...
2025-07-19 13:58:13 INFO  TC_001LoginTest:49 - ....browser opened....
2025-07-19 13:58:16 INFO  TC_001LoginTest:56 - ....URL is opened...
2025-07-19 13:58:16 INFO  TC_001LoginTest:12 - Login page...
2025-07-19 13:58:16 INFO  TC_001LoginTest:14 - details entered.....
2025-07-19 13:58:20 INFO  TC_001LoginTest:17 - test case1 completed...
2025-07-19 13:58:26 INFO  TC_001LoginTest:20 - click on logout...
2025-07-19 13:58:27 INFO  TC_001LoginTest:65 - ...browser closed...
2025-07-19 15:26:44 INFO  Utils:112 - [TestNG] Running:
  C:\Users\Administrator\Desktop\eclipse-workspace\pageObjectModel\testng.xml

2025-07-19 15:26:50 INFO  TC_001LoginTest:49 - ....browser opened....
2025-07-19 15:26:57 INFO  TC_001LoginTest:56 - ....URL is opened...
2025-07-19 15:26:57 INFO  TC_001LoginTest:12 - Login page...
2025-07-19 15:26:57 INFO  TC_001LoginTest:14 - details entered.....
2025-07-19 15:27:02 INFO  TC_001LoginTest:17 - test case1 completed...
2025-07-19 15:27:07 INFO  TC_001LoginTest:20 - click on logout...
2025-07-19 15:27:08 INFO  TC_001LoginTest:65 - ...browser closed...
2025-07-19 15:45:31 INFO  Utils:112 - [Utils] MethodGroupsHelper.collectMethodsByGroup() took 0 ms.
2025-07-19 15:45:31 INFO  Utils:112 - [Utils] MethodGroupsHelper.sortMethods() took 4 ms.
2025-07-19 15:45:31 INFO  Utils:112 - [Utils] MethodGroupsHelper.collectMethodsByGroup() took 0 ms.
2025-07-19 15:45:31 INFO  Utils:112 - [Utils] MethodGroupsHelper.sortMethods() took 0 ms.
2025-07-19 15:45:31 INFO  Utils:112 - [Utils] MethodGroupsHelper.collectMethodsByGroup() took 0 ms.
2025-07-19 15:45:31 INFO  Utils:112 - [Utils] MethodGroupsHelper.sortMethods() took 0 ms.
2025-07-19 15:45:31 INFO  Utils:112 - [Utils] MethodGroupsHelper.collectMethodsByGroup() took 0 ms.
2025-07-19 15:45:31 INFO  Utils:112 - [Utils] MethodGroupsHelper.sortMethods() took 0 ms.
2025-07-19 15:45:31 INFO  Utils:112 - [Utils] MethodGroupsHelper.collectMethodsByGroup() took 5 ms.
2025-07-19 15:45:32 INFO  Utils:112 - [Utils] MethodGroupsHelper.sortMethods() took 20 ms.
2025-07-19 15:45:32 INFO  Utils:112 - [Utils] MethodGroupsHelper.collectMethodsByGroup() took 0 ms.
2025-07-19 15:45:32 INFO  Utils:112 - [Utils] MethodGroupsHelper.sortMethods() took 0 ms.
2025-07-19 15:45:32 INFO  Utils:112 - [Utils] MethodGroupsHelper.collectMethodsByGroup() took 0 ms.
2025-07-19 15:45:32 INFO  Utils:112 - [Utils] MethodGroupsHelper.sortMethods() took 0 ms.
2025-07-19 15:45:32 INFO  Utils:112 - [Utils] MethodGroupsHelper.collectMethodsByGroup() took 0 ms.
2025-07-19 15:45:32 INFO  Utils:112 - [Utils] MethodGroupsHelper.sortMethods() took 0 ms.
2025-07-19 15:45:32 INFO  Utils:112 - [Utils] MethodGroupsHelper.collectMethodsByGroup() took 0 ms.
2025-07-19 15:45:32 INFO  Utils:112 - [Utils] MethodGroupsHelper.sortMethods() took 0 ms.
2025-07-19 15:45:32 INFO  Utils:112 - [Utils] MethodGroupsHelper.collectMethodsByGroup() took 0 ms.
2025-07-19 15:45:32 INFO  Utils:112 - [Utils] MethodGroupsHelper.sortMethods() took 0 ms.
2025-07-19 15:45:32 INFO  Utils:112 - [Utils] MethodGroupsHelper.collectMethodsByGroup() took 0 ms.
2025-07-19 15:45:32 INFO  Utils:112 - [Utils] MethodGroupsHelper.sortMethods() took 0 ms.
2025-07-19 15:45:32 INFO  Utils:112 - [Utils] MethodGroupsHelper.collectMethodsByGroup() took 0 ms.
2025-07-19 15:45:32 INFO  Utils:112 - [Utils] MethodGroupsHelper.sortMethods() took 0 ms.
2025-07-19 15:45:32 INFO  Utils:112 - [Utils] MethodGroupsHelper.collectMethodsByGroup() took 0 ms.
2025-07-19 15:45:32 INFO  Utils:112 - [Utils] MethodGroupsHelper.sortMethods() took 0 ms.
2025-07-19 15:45:32 INFO  Utils:112 - [Utils] MethodGroupsHelper.collectMethodsByGroup() took 0 ms.
2025-07-19 15:45:32 INFO  Utils:112 - [Utils] MethodGroupsHelper.sortMethods() took 0 ms.
2025-07-19 15:45:32 INFO  Utils:112 - [Utils] MethodGroupsHelper.collectMethodsByGroup() took 0 ms.
2025-07-19 15:45:32 INFO  Utils:112 - [Utils] MethodGroupsHelper.sortMethods() took 0 ms.
2025-07-19 15:45:32 INFO  Utils:112 - [TestNG] Running:
  C:\Users\Administrator\AppData\Local\Temp\testng-eclipse-923094633\testng-customsuite.xml

2025-07-19 15:45:32 INFO  Utils:112 - [Utils] DynamicGraphHelper.createDynamicGraph() took 21 ms.
2025-07-19 15:45:34 INFO  TC_001LoginTest:49 - ....browser opened....
2025-07-19 15:45:41 INFO  TC_001LoginTest:56 - ....URL is opened...
2025-07-19 15:45:41 INFO  TC_001LoginTest:13 - Login page...
2025-07-19 15:45:41 INFO  TC_001LoginTest:15 - details entered.....
2025-07-19 15:45:47 INFO  TC_001LoginTest:21 - checking logo is visible are not..
2025-07-19 15:45:47 INFO  TC_001LoginTest:23 - logo is displayed successfully...
2025-07-19 15:45:51 INFO  TC_001LoginTest:26 - click on logout...
2025-07-19 15:45:51 INFO  TC_001LoginTest:27 - test case1 completed...
2025-07-19 15:45:51 INFO  TC_001LoginTest:65 - ...browser closed...
2025-07-19 15:45:52 INFO  Utils:112 - [TestNG] Time taken by org.testng.reporters.jq.Main@71391b3f: 153 ms
2025-07-19 15:45:52 INFO  Utils:112 - [TestNG] Time taken by org.testng.reporters.FailedReporter@4078695f: 4 ms
2025-07-19 15:45:52 INFO  Utils:112 - [TestNG] Time taken by org.testng.reporters.XMLReporter@24a298a6: 19 ms
2025-07-19 15:45:52 INFO  Utils:112 - [TestNG] Time taken by org.testng.reporters.EmailableReporter2@48c4245d: 24 ms
2025-07-19 15:45:52 INFO  Utils:112 - [TestNG] Time taken by org.testng.reporters.JUnitReportReporter@659925f4: 6 ms
2025-07-19 15:45:52 INFO  Utils:112 - [TestNG] Time taken by org.testng.internal.ExitCodeListener@4cd1c1dc: 0 ms
2025-07-19 15:46:32 INFO  Utils:112 - [TestNG] Running:
  C:\Users\Administrator\Desktop\eclipse-workspace\pageObjectModel\testng.xml

2025-07-19 15:46:34 INFO  TC_001LoginTest:49 - ....browser opened....
2025-07-19 15:46:41 INFO  TC_001LoginTest:56 - ....URL is opened...
2025-07-19 15:46:41 INFO  TC_001LoginTest:13 - Login page...
2025-07-19 15:46:41 INFO  TC_001LoginTest:15 - details entered.....
2025-07-19 15:46:57 INFO  TC_001LoginTest:65 - ...browser closed...
